2014-05-17 17:32:44 Debug: add-1
2014-05-17 17:32:44 Debug: vali-success
2014-05-17 17:35:03 Debug: add-1
2014-05-17 17:35:03 Debug: vali-error
2014-05-17 17:36:52 Debug: add-1
2014-05-17 17:36:52 Debug: vali-error
2014-05-17 17:38:17 Debug: add-1
2014-05-17 17:38:17 Debug: vali-error
2014-05-17 17:38:57 Debug: add-1
2014-05-17 17:38:57 Debug: vali-error
2014-05-17 17:39:00 Debug: add-1
2014-05-17 17:39:00 Debug: vali-error
2014-05-17 17:45:37 Debug: add-1
2014-05-17 17:45:37 Debug: vali-success
2014-05-17 17:45:39 Debug: add-1
2014-05-17 17:45:39 Debug: vali-error
2014-05-17 17:45:41 Debug: add-1
2014-05-17 17:45:41 Debug: vali-error
2014-05-17 17:45:43 Debug: add-1
2014-05-17 17:45:43 Debug: vali-error
2014-05-17 17:46:41 Debug: add-1
2014-05-17 17:46:41 Debug: vali-error
2014-05-17 17:46:41 Debug: vali-error-redirect
2014-05-17 17:54:12 Debug: add-1
2014-05-17 17:54:12 Debug: vali-error
2014-05-17 18:06:39 Debug: add-1
2014-05-17 18:06:39 Debug: vali-error
2014-05-17 18:06:39 Debug: 
2014-05-17 18:06:39 Debug: vali-error-redirect
2014-05-17 18:07:47 Debug: add-1
2014-05-17 18:07:47 Debug: vali-error
2014-05-17 18:07:47 Debug: Array
(
    [body] => Array
        (
            [0] => empty!-!
        )

)

2014-05-17 18:07:47 Debug: vali-error-redirect
2014-05-17 18:20:59 Debug: add-1
2014-05-17 18:21:24 Debug: add-1
2014-05-17 18:35:07 Debug: add-1
2014-05-17 19:01:29 Debug: add-1
2014-05-17 19:01:40 Debug: add-1
2014-05-17 19:01:40 Debug: vali-success
2014-05-17 19:01:42 Debug: add-1
2014-05-17 19:02:06 Debug: add-1
2014-05-17 19:02:27 Debug: add-1
2014-05-17 19:02:34 Debug: add-1
2014-05-17 19:02:36 Debug: add-1
2014-05-17 19:23:37 Debug: add-1
2014-05-17 19:23:43 Debug: add-1
2014-05-17 19:23:43 Debug: vali-success
2014-05-17 19:23:48 Debug: add-1
2014-05-17 19:23:52 Debug: add-1
2014-05-17 19:23:56 Debug: add-1
2014-05-17 19:23:59 Debug: add-1
2014-05-17 19:24:02 Debug: add-1
2014-05-17 19:24:02 Debug: vali-success
2014-05-17 19:32:32 Debug: add-1
2014-05-17 19:32:37 Debug: add-1
2014-05-17 19:32:37 Debug: vali-success
2014-05-17 19:33:00 Debug: add-1
2014-05-17 19:33:00 Debug: vali-success
2014-05-17 19:33:12 Debug: add-1
2014-05-17 19:33:12 Debug: vali-success
2014-05-17 19:33:34 Debug: add-1
2014-05-17 19:33:34 Debug: vali-success
2014-05-17 19:33:51 Debug: add-1
2014-05-17 19:33:51 Debug: vali-success
2014-05-17 19:44:04 Debug: add-1
2014-05-17 19:45:02 Debug: add-1
2014-05-17 19:52:11 Debug: add-1
2014-05-17 19:53:39 Debug: add-1
2014-05-17 19:55:07 Debug: add-1
2014-05-17 20:14:36 Debug: add-1
2014-05-17 20:15:15 Debug: add-1
2014-05-17 20:15:19 Debug: add-1
2014-05-17 20:17:24 Debug: add-1
2014-05-17 20:17:50 Debug: add-1
2014-05-17 20:18:17 Debug: add-1
2014-05-17 20:19:00 Debug: add-1
2014-05-19 09:22:02 Debug: add-1
2014-05-24 15:15:29 Debug: add-1
2014-05-24 15:15:29 Debug: vali-success
2014-05-31 20:27:08 Debug: add-1
2014-05-31 20:27:08 Debug: vali-success
2014-05-31 20:28:51 Debug: add-1
2014-05-31 20:28:51 Debug: vali-success
2014-05-31 20:28:55 Debug: add-1
2014-05-31 20:28:55 Debug: vali-success
2014-05-31 20:39:49 Debug: add-1
2014-05-31 20:39:49 Debug: vali-success
2014-05-31 20:39:54 Debug: add-1
2014-05-31 20:39:54 Debug: vali-success
2014-05-31 20:39:59 Debug: add-1
2014-05-31 20:39:59 Debug: vali-success
2014-05-31 20:40:04 Debug: add-1
2014-05-31 20:40:04 Debug: vali-success
2014-05-31 20:40:08 Debug: add-1
2014-05-31 20:40:08 Debug: vali-success
2014-05-31 20:49:23 Debug: add-1
2014-05-31 20:49:23 Debug: vali-success
2014-05-31 21:19:40 Debug: add-1
2014-05-31 21:19:40 Debug: vali-success
2014-05-31 21:19:48 Debug: add-1
2014-05-31 21:19:48 Debug: vali-success
2014-05-31 21:21:07 Debug: add-1
2014-05-31 21:21:07 Debug: vali-success
2014-05-31 21:39:00 Debug: comment-add
2014-05-31 21:39:00 Debug: ajax-add
2014-05-31 21:39:00 Debug: add-1
2014-05-31 21:39:00 Debug: vali-success
2014-05-31 21:42:50 Debug: comment-add
2014-05-31 21:45:46 Debug: comment-add
2014-05-31 21:46:58 Debug: comment-add
2014-05-31 21:47:56 Debug: comment-add
2014-05-31 21:47:56 Debug: no-ajax
2014-05-31 21:50:16 Debug: comment-add
2014-05-31 21:50:16 Debug: no-ajax
2014-05-31 21:51:13 Debug: comment-add
2014-05-31 21:51:13 Debug: no-ajax
2014-05-31 22:11:55 Debug: comment-add
2014-05-31 22:11:55 Debug: no-ajax
2014-06-01 11:27:26 Debug: add-1
2014-06-01 11:27:26 Debug: vali-success
2014-06-01 13:15:27 Debug: add-1
2014-06-01 13:15:27 Debug: vali-success
2014-06-01 13:15:33 Debug: add-1
2014-06-01 13:15:33 Debug: vali-success
2014-06-01 13:56:06 Debug: add-1
2014-06-01 13:56:06 Debug: vali-success
2014-06-01 13:56:09 Debug: add-1
2014-06-01 13:56:09 Debug: vali-success
2014-06-01 13:56:13 Debug: add-1
2014-06-01 13:56:13 Debug: vali-success
2014-06-01 13:56:18 Debug: add-1
2014-06-01 13:56:18 Debug: vali-success
2014-06-01 13:56:21 Debug: add-1
2014-06-01 13:56:21 Debug: vali-success
